d:\projects\windows\c++\vc\dllearning\demo2\demo2\x64\debug\demo2.pch.codeanalysis
d:\projects\windows\c++\vc\dllearning\demo2\demo2\x64\debug\vc141.pdb
d:\projects\windows\c++\vc\dllearning\demo2\demo2\x64\debug\vc141.idb
d:\projects\windows\c++\vc\dllearning\demo2\demo2\x64\debug\demo2.pch.codeanalysisast
d:\projects\windows\c++\vc\dllearning\demo2\demo2\x64\debug\stdafx.nativecodeanalysis.xml
d:\projects\windows\c++\vc\dllearning\demo2\demo2\x64\debug\stdafx.obj
d:\projects\windows\c++\vc\dllearning\demo2\demo2\x64\debug\demo2.pch
d:\projects\windows\c++\vc\dllearning\demo2\demo2\x64\debug\demo2.nativecodeanalysis.xml
d:\projects\windows\c++\vc\dllearning\demo2\demo2\x64\debug\demo2.obj
d:\projects\windows\c++\vc\dllearning\demo2\x64\debug\demo2.exe
d:\projects\windows\c++\vc\dllearning\demo2\x64\debug\demo2.ilk
d:\projects\windows\c++\vc\dllearning\demo2\x64\debug\demo2.pdb
d:\projects\windows\c++\vc\dllearning\demo2\demo2\x64\debug\nativecodeanalysis.read.1.tlog
d:\projects\windows\c++\vc\dllearning\demo2\demo2\x64\debug\vc.nativecodeanalysis.all.xml
d:\projects\windows\c++\vc\dllearning\demo2\x64\debug\demo2.exe.lastcodeanalysissucceeded
d:\projects\windows\c++\vc\dllearning\demo2\demo2\x64\debug\demo2.tlog\cl.command.1.tlog
d:\projects\windows\c++\vc\dllearning\demo2\demo2\x64\debug\demo2.tlog\cl.read.1.tlog
d:\projects\windows\c++\vc\dllearning\demo2\demo2\x64\debug\demo2.tlog\cl.write.1.tlog
d:\projects\windows\c++\vc\dllearning\demo2\demo2\x64\debug\demo2.tlog\link.command.1.tlog
d:\projects\windows\c++\vc\dllearning\demo2\demo2\x64\debug\demo2.tlog\link.read.1.tlog
d:\projects\windows\c++\vc\dllearning\demo2\demo2\x64\debug\demo2.tlog\link.write.1.tlog
